PRT1
17
25
4 0 6 (0 3072 380 ) (0 3072 455 ) (0 3544 455 ) (0 3544 380 ) 
4 0 3 (217 3072 455 ) (0 3072 455 ) (0 3072 380 ) (217 3072 380 ) 
4 0 1 (209 3072 380 ) (0 3072 380 ) (0 3534 380 ) (209 3534 380 ) 
4 1 7 (0 3072 242 ) (0 3072 380 ) (0 3534 380 ) (0 3534 242 ) 
4 1 4 (209 3072 380 ) (0 3072 380 ) (0 3072 242 ) (209 3072 242 ) 
4 1 2 (209 3534 242 ) (209 3072 242 ) (0 3072 242 ) (0 3534 242 ) 
4 2 8 (0 3072 -14 ) (0 3072 242 ) (0 3550 242 ) (0 3550 -14 ) 
4 2 5 (225 3072 -14 ) (225 3072 242 ) (0 3072 242 ) (0 3072 -14 ) 
4 3 13 (0 2588 455 ) (0 3072 455 ) (0 3072 380 ) (0 2588 380 ) 
4 3 4 (0 2802 380 ) (0 3072 380 ) (209 3072 380 ) (209 2802 380 ) 
4 4 14 (0 2802 380 ) (0 3072 380 ) (0 3072 242 ) (0 2802 242 ) 
4 4 5 (0 2802 242 ) (0 3072 242 ) (209 3072 242 ) (209 2802 242 ) 
4 5 15 (0 2786 242 ) (0 3072 242 ) (0 3072 -14 ) (0 2786 -14 ) 
4 6 13 (0 3072 380 ) (0 3072 455 ) (-719 3072 455 ) (-719 3072 380 ) 
4 6 7 (0 3072 380 ) (-476 3072 380 ) (-476 3534 380 ) (0 3534 380 ) 
4 7 14 (0 3072 242 ) (0 3072 380 ) (-476 3072 380 ) (-476 3072 242 ) 
4 7 8 (0 3072 242 ) (-476 3072 242 ) (-476 3534 242 ) (0 3534 242 ) 
4 8 15 (0 3072 -14 ) (0 3072 242 ) (-492 3072 242 ) (-492 3072 -14 ) 
4 8 9 (-492 3246 -14 ) (-492 3150 -14 ) (-492 3150 86 ) (-492 3246 86 ) 
4 9 10 (-495 3246 86 ) (-495 3246 -14 ) (-495 3150 -14 ) (-495 3150 86 ) 
4 10 11 (-496 3246 86 ) (-496 3246 -14 ) (-496 3150 -14 ) (-496 3150 86 ) 
4 11 12 (-500 3246 -14 ) (-500 3150 -14 ) (-500 3150 86 ) (-500 3246 86 ) 
4 12 16 (-500 3072 242 ) (-719 3072 242 ) (-719 3072 -14 ) (-500 3072 -14 ) 
4 13 14 (-476 3072 380 ) (0 3072 380 ) (0 2802 380 ) (-476 2802 380 ) 
4 14 15 (-476 3072 242 ) (0 3072 242 ) (0 2802 242 ) (-476 2802 242 ) 
